<?xml version="1.0" encoding="UTF-8"?>
<!-- Generated by org.testng.reporters.JUnitXMLReporter -->
<testsuite hostname="bogon" name="Test" tests="6" failures="1" timestamp="25 Feb 2019 09:51:48 GMT" time="0.069" errors="0">
  <testcase name="printOrder2" time="0.002" classname="com.myProject.testcase.testOrder2"/>
  <testcase name="testDataprovider_2" time="0.003" classname="com.myProject.testcase.testOrder2"/>
  <testcase name="testDataprovider_2" time="0.0" classname="com.myProject.testcase.testOrder2"/>
  <testcase name="testDataprovider_2" time="0.0" classname="com.myProject.testcase.testOrder2"/>
  <testcase name="z" time="0.003" classname="com.myProject.testcase.testOrder2">
    <failure type="java.lang.ArithmeticException" message="/ by zero">
      <![CDATA[java.lang.ArithmeticException: / by zero
	at com.myProject.testcase.testOrder2.z(testOrder2.java:50)
	at com.sun.proxy.$Proxy0.invoke(Unknown Source)
... Removed 32 stack frames]]>
    </failure>
  </testcase> <!-- z -->
  <testcase name="printOrder1" time="0.0" classname="com.myProject.testcase.testOrder1"/>
</testsuite> <!-- Test -->
