<?xml version="1.0" encoding="UTF-8" ?>
<testsuite tests="6" failures="1" name="TestSuite" time="1.772" errors="0" skipped="0">
  <properties>
[...]
</properties>
  <testcase classname="com.myProject.testcase.testOrder2" name="printOrder2" time="0.001"/>
  <testcase classname="com.myProject.testcase.testOrder2" name="testDataprovider_2" time="0.001"/>
  <testcase classname="com.myProject.testcase.testOrder2" name="testDataprovider_2" time="0"/>
  <testcase classname="com.myProject.testcase.testOrder2" name="testDataprovider_2" time="0"/>
  <testcase classname="com.myProject.testcase.testOrder2" name="z" time="0.008">
    <failure message="/ by zero" type="java.lang.ArithmeticException">java.lang.ArithmeticException: / by zero
	at com.myProject.testcase.testOrder2.z(testOrder2.java:50)
</failure>
    <system-out>testDataprovider_2--Test method success
75204610980964
testOrder2.afterMethod-------------------
testOrder2.beforeMethod-------------------
</system-out>
  </testcase>
  <testcase classname="com.myProject.testcase.testOrder1" name="printOrder1" time="0"/>
</testsuite>