-------------------------------------------------------------------------------
Test set: TestSuite
-------------------------------------------------------------------------------
Tests run: 6, Failures: 1, Errors: 0, Skipped: 0, Time elapsed: 1.77 sec <<< FAILURE!
z(com.myProject.testcase.testOrder2)  Time elapsed: 0.007 sec  <<< FAILURE!
java.lang.ArithmeticException: / by zero
	at com.myProject.testcase.testOrder2.z(testOrder2.java:50)

